[2018-11-29 04:02:48.244] [exthost1] [info] extension host started
[2018-11-29 04:02:48.269] [exthost1] [info] ExtensionService#_doActivateExtension vscode.debug-auto-launch {"startup":true,"activationEvent":"*"}
[2018-11-29 04:02:48.269] [exthost1] [info] ExtensionService#loadCommonJSModule c:\Users\shika\.codemix\engine\resources\app\extensions\debug-auto-launch\out\extension
[2018-11-29 04:02:48.280] [exthost1] [info] ExtensionService#_doActivateExtension vscode.emmet {"startup":true,"activationEvent":"*"}
[2018-11-29 04:02:48.280] [exthost1] [info] ExtensionService#loadCommonJSModule c:\Users\shika\.codemix\engine\resources\app\extensions\emmet\dist\extension
[2018-11-29 04:02:48.333] [exthost1] [info] ExtensionService#_doActivateExtension vscode.merge-conflict {"startup":true,"activationEvent":"*"}
[2018-11-29 04:02:48.333] [exthost1] [info] ExtensionService#loadCommonJSModule c:\Users\shika\.codemix\engine\resources\app\extensions\merge-conflict\out\extension
[2018-11-29 04:02:48.367] [exthost1] [info] ExtensionService#_doActivateExtension vscode.search-rg {"startup":true,"activationEvent":"*"}
[2018-11-29 04:02:48.367] [exthost1] [info] ExtensionService#loadCommonJSModule c:\Users\shika\.codemix\engine\resources\app\extensions\search-rg\out\extension
[2018-11-29 04:02:48.380] [exthost1] [info] eager extensions activated
[2018-11-29 04:02:48.381] [exthost1] [info] ExtensionService#_doActivateExtension vscode.configuration-editing {"startup":false,"activationEvent":"onLanguage:jsonc"}
[2018-11-29 04:02:48.381] [exthost1] [info] ExtensionService#loadCommonJSModule c:\Users\shika\.codemix\engine\resources\app\extensions\configuration-editing\out\extension
[2018-11-29 04:02:48.399] [exthost1] [info] ExtensionService#_doActivateExtension vscode.json-language-features {"startup":false,"activationEvent":"onLanguage:jsonc"}
[2018-11-29 04:02:48.399] [exthost1] [info] ExtensionService#loadCommonJSModule c:\Users\shika\.codemix\engine\resources\app\extensions\json-language-features\client\dist\jsonMain
[2018-11-29 04:02:48.708] [exthost1] [info] ExtensionService#_doActivateExtension vscode.typescript-language-features {"startup":false,"activationEvent":"onLanguage:jsonc"}
[2018-11-29 04:02:48.708] [exthost1] [info] ExtensionService#loadCommonJSModule c:\Users\shika\.codemix\engine\resources\app\extensions\typescript-language-features\dist\extension
[2018-11-29 04:02:48.934] [exthost1] [info] ExtensionService#_doActivateExtension vscode.grunt {"startup":false,"activationEvent":"onCommand:workbench.action.tasks.runTask"}
[2018-11-29 04:02:48.934] [exthost1] [info] ExtensionService#loadCommonJSModule c:\Users\shika\.codemix\engine\resources\app\extensions\grunt\out\main
[2018-11-29 04:02:48.947] [exthost1] [info] ExtensionService#_doActivateExtension vscode.gulp {"startup":false,"activationEvent":"onCommand:workbench.action.tasks.runTask"}
[2018-11-29 04:02:48.947] [exthost1] [info] ExtensionService#loadCommonJSModule c:\Users\shika\.codemix\engine\resources\app\extensions\gulp\out\main
[2018-11-29 04:02:48.955] [exthost1] [info] ExtensionService#_doActivateExtension vscode.jake {"startup":false,"activationEvent":"onCommand:workbench.action.tasks.runTask"}
[2018-11-29 04:02:48.956] [exthost1] [info] ExtensionService#loadCommonJSModule c:\Users\shika\.codemix\engine\resources\app\extensions\jake\out\main
[2018-11-29 04:02:48.963] [exthost1] [info] ExtensionService#_doActivateExtension vscode.npm {"startup":false,"activationEvent":"onCommand:workbench.action.tasks.runTask"}
[2018-11-29 04:02:48.963] [exthost1] [info] ExtensionService#loadCommonJSModule c:\Users\shika\.codemix\engine\resources\app\extensions\npm\out\main
[2018-11-29 04:02:49.357] [exthost1] [info] extension host started
[2018-11-29 04:02:49.381] [exthost1] [info] ExtensionService#_doActivateExtension vscode.debug-auto-launch {"startup":true,"activationEvent":"*"}
[2018-11-29 04:02:49.381] [exthost1] [info] ExtensionService#loadCommonJSModule c:\Users\shika\.codemix\engine\resources\app\extensions\debug-auto-launch\out\extension
[2018-11-29 04:02:49.390] [exthost1] [info] ExtensionService#_doActivateExtension vscode.emmet {"startup":true,"activationEvent":"*"}
[2018-11-29 04:02:49.390] [exthost1] [info] ExtensionService#loadCommonJSModule c:\Users\shika\.codemix\engine\resources\app\extensions\emmet\dist\extension
[2018-11-29 04:02:49.451] [exthost1] [info] ExtensionService#_doActivateExtension vscode.merge-conflict {"startup":true,"activationEvent":"*"}
[2018-11-29 04:02:49.451] [exthost1] [info] ExtensionService#loadCommonJSModule c:\Users\shika\.codemix\engine\resources\app\extensions\merge-conflict\out\extension
[2018-11-29 04:02:49.487] [exthost1] [info] ExtensionService#_doActivateExtension vscode.search-rg {"startup":true,"activationEvent":"*"}
[2018-11-29 04:02:49.487] [exthost1] [info] ExtensionService#loadCommonJSModule c:\Users\shika\.codemix\engine\resources\app\extensions\search-rg\out\extension
[2018-11-29 04:02:49.532] [exthost1] [info] eager extensions activated
[2018-11-29 04:02:49.532] [exthost1] [info] ExtensionService#_doActivateExtension vscode.configuration-editing {"startup":false,"activationEvent":"onLanguage:jsonc"}
[2018-11-29 04:02:49.532] [exthost1] [info] ExtensionService#loadCommonJSModule c:\Users\shika\.codemix\engine\resources\app\extensions\configuration-editing\out\extension
[2018-11-29 04:02:49.572] [exthost1] [info] ExtensionService#_doActivateExtension vscode.json-language-features {"startup":false,"activationEvent":"onLanguage:jsonc"}
[2018-11-29 04:02:49.572] [exthost1] [info] ExtensionService#loadCommonJSModule c:\Users\shika\.codemix\engine\resources\app\extensions\json-language-features\client\dist\jsonMain
[2018-11-29 04:02:49.939] [exthost1] [info] ExtensionService#_doActivateExtension vscode.typescript-language-features {"startup":false,"activationEvent":"onLanguage:jsonc"}
[2018-11-29 04:02:49.939] [exthost1] [info] ExtensionService#loadCommonJSModule c:\Users\shika\.codemix\engine\resources\app\extensions\typescript-language-features\dist\extension
[2018-11-29 04:02:50.094] [exthost1] [info] ExtensionService#_doActivateExtension vscode.grunt {"startup":false,"activationEvent":"onCommand:workbench.action.tasks.runTask"}
[2018-11-29 04:02:50.094] [exthost1] [info] ExtensionService#loadCommonJSModule c:\Users\shika\.codemix\engine\resources\app\extensions\grunt\out\main
[2018-11-29 04:02:50.101] [exthost1] [info] ExtensionService#_doActivateExtension vscode.gulp {"startup":false,"activationEvent":"onCommand:workbench.action.tasks.runTask"}
[2018-11-29 04:02:50.101] [exthost1] [info] ExtensionService#loadCommonJSModule c:\Users\shika\.codemix\engine\resources\app\extensions\gulp\out\main
[2018-11-29 04:02:50.110] [exthost1] [info] ExtensionService#_doActivateExtension vscode.jake {"startup":false,"activationEvent":"onCommand:workbench.action.tasks.runTask"}
[2018-11-29 04:02:50.110] [exthost1] [info] ExtensionService#loadCommonJSModule c:\Users\shika\.codemix\engine\resources\app\extensions\jake\out\main
[2018-11-29 04:02:50.121] [exthost1] [info] ExtensionService#_doActivateExtension vscode.npm {"startup":false,"activationEvent":"onCommand:workbench.action.tasks.runTask"}
[2018-11-29 04:02:50.121] [exthost1] [info] ExtensionService#loadCommonJSModule c:\Users\shika\.codemix\engine\resources\app\extensions\npm\out\main
